{"D:\\me\\porto\\KONAWA WEB\\Konawa-Web\\server\\app.js": {"path":"D:\\me\\porto\\KONAWA WEB\\Konawa-Web\\server\\app.js","statementMap":{"0":{"start":{"line":1,"column":0},"end":{"line":3,"column":1}},"1":{"start":{"line":2,"column":2},"end":{"line":2,"column":29}},"2":{"start":{"line":5,"column":21},"end":{"line":5,"column":57}},"3":{"start":{"line":6,"column":19},"end":{"line":6,"column":49}},"4":{"start":{"line":7,"column":20},"end":{"line":7,"column":51}},"5":{"start":{"line":8,"column":16},"end":{"line":8,"column":34}},"6":{"start":{"line":9,"column":12},"end":{"line":9,"column":21}},"7":{"start":{"line":10,"column":13},"end":{"line":10,"column":28}},"8":{"start":{"line":11,"column":23},"end":{"line":11,"column":62}},"9":{"start":{"line":13,"column":0},"end":{"line":13,"column":49}},"10":{"start":{"line":14,"column":0},"end":{"line":14,"column":24}},"11":{"start":{"line":15,"column":0},"end":{"line":15,"column":16}},"12":{"start":{"line":16,"column":0},"end":{"line":16,"column":20}},"13":{"start":{"line":17,"column":0},"end":{"line":17,"column":21}},"14":{"start":{"line":18,"column":0},"end":{"line":18,"column":22}},"15":{"start":{"line":20,"column":0},"end":{"line":20,"column":57}},"16":{"start":{"line":22,"column":0},"end":{"line":22,"column":21}}},"fnMap":{},"branchMap":{"0":{"loc":{"start":{"line":1,"column":0},"end":{"line":3,"column":1}},"type":"if","locations":[{"start":{"line":1,"column":0},"end":{"line":3,"column":1}},{"start":{},"end":{}}],"line":1}},"s":{"0":1,"1":1,"2":1,"3":1,"4":1,"5":1,"6":1,"7":1,"8":1,"9":1,"10":1,"11":1,"12":1,"13":1,"14":1,"15":1,"16":1},"f":{},"b":{"0":[1,0]},"_coverageSchema":"1a1c01bbd47fc00a2c39e90264f33305004495a9","hash":"124c07f4303703aa04e65fd79a484c2c4f2b1ee7"}
,"D:\\me\\porto\\KONAWA WEB\\Konawa-Web\\server\\controllers\\userController.js": {"path":"D:\\me\\porto\\KONAWA WEB\\Konawa-Web\\server\\controllers\\userController.js","statementMap":{"0":{"start":{"line":1,"column":18},"end":{"line":1,"column":38}},"1":{"start":{"line":2,"column":39},"end":{"line":2,"column":67}},"2":{"start":{"line":4,"column":0},"end":{"line":49,"column":2}},"3":{"start":{"line":6,"column":4},"end":{"line":19,"column":5}},"4":{"start":{"line":7,"column":34},"end":{"line":7,"column":42}},"5":{"start":{"line":8,"column":6},"end":{"line":8,"column":48}},"6":{"start":{"line":8,"column":18},"end":{"line":8,"column":48}},"7":{"start":{"line":9,"column":6},"end":{"line":9,"column":54}},"8":{"start":{"line":9,"column":21},"end":{"line":9,"column":54}},"9":{"start":{"line":11,"column":18},"end":{"line":11,"column":59}},"10":{"start":{"line":12,"column":6},"end":{"line":12,"column":52}},"11":{"start":{"line":12,"column":17},"end":{"line":12,"column":52}},"12":{"start":{"line":14,"column":21},"end":{"line":14,"column":60}},"13":{"start":{"line":15,"column":6},"end":{"line":15,"column":79}},"14":{"start":{"line":17,"column":6},"end":{"line":17,"column":61}},"15":{"start":{"line":18,"column":6},"end":{"line":18,"column":18}},"16":{"start":{"line":22,"column":4},"end":{"line":47,"column":5}},"17":{"start":{"line":23,"column":34},"end":{"line":23,"column":42}},"18":{"start":{"line":24,"column":6},"end":{"line":24,"column":48}},"19":{"start":{"line":24,"column":18},"end":{"line":24,"column":48}},"20":{"start":{"line":25,"column":6},"end":{"line":25,"column":54}},"21":{"start":{"line":25,"column":21},"end":{"line":25,"column":54}},"22":{"start":{"line":27,"column":18},"end":{"line":27,"column":59}},"23":{"start":{"line":28,"column":6},"end":{"line":28,"column":52}},"24":{"start":{"line":28,"column":18},"end":{"line":28,"column":52}},"25":{"start":{"line":30,"column":28},"end":{"line":30,"column":69}},"26":{"start":{"line":31,"column":6},"end":{"line":31,"column":65}},"27":{"start":{"line":31,"column":28},"end":{"line":31,"column":65}},"28":{"start":{"line":33,"column":20},"end":{"line":36,"column":7}},"29":{"start":{"line":38,"column":25},"end":{"line":38,"column":43}},"30":{"start":{"line":40,"column":6},"end":{"line":40,"column":59}},"31":{"start":{"line":42,"column":6},"end":{"line":45,"column":8}},"32":{"start":{"line":46,"column":6},"end":{"line":46,"column":18}}},"fnMap":{"0":{"name":"(anonymous_0)","decl":{"start":{"line":5,"column":2},"end":{"line":5,"column":3}},"loc":{"start":{"line":5,"column":45},"end":{"line":20,"column":3}},"line":5},"1":{"name":"(anonymous_1)","decl":{"start":{"line":21,"column":2},"end":{"line":21,"column":3}},"loc":{"start":{"line":21,"column":42},"end":{"line":48,"column":3}},"line":21}},"branchMap":{"0":{"loc":{"start":{"line":8,"column":6},"end":{"line":8,"column":48}},"type":"if","locations":[{"start":{"line":8,"column":6},"end":{"line":8,"column":48}},{"start":{},"end":{}}],"line":8},"1":{"loc":{"start":{"line":9,"column":6},"end":{"line":9,"column":54}},"type":"if","locations":[{"start":{"line":9,"column":6},"end":{"line":9,"column":54}},{"start":{},"end":{}}],"line":9},"2":{"loc":{"start":{"line":12,"column":6},"end":{"line":12,"column":52}},"type":"if","locations":[{"start":{"line":12,"column":6},"end":{"line":12,"column":52}},{"start":{},"end":{}}],"line":12},"3":{"loc":{"start":{"line":24,"column":6},"end":{"line":24,"column":48}},"type":"if","locations":[{"start":{"line":24,"column":6},"end":{"line":24,"column":48}},{"start":{},"end":{}}],"line":24},"4":{"loc":{"start":{"line":25,"column":6},"end":{"line":25,"column":54}},"type":"if","locations":[{"start":{"line":25,"column":6},"end":{"line":25,"column":54}},{"start":{},"end":{}}],"line":25},"5":{"loc":{"start":{"line":28,"column":6},"end":{"line":28,"column":52}},"type":"if","locations":[{"start":{"line":28,"column":6},"end":{"line":28,"column":52}},{"start":{},"end":{}}],"line":28},"6":{"loc":{"start":{"line":31,"column":6},"end":{"line":31,"column":65}},"type":"if","locations":[{"start":{"line":31,"column":6},"end":{"line":31,"column":65}},{"start":{},"end":{}}],"line":31}},"s":{"0":1,"1":1,"2":1,"3":6,"4":6,"5":6,"6":2,"7":4,"8":2,"9":2,"10":2,"11":1,"12":1,"13":1,"14":5,"15":5,"16":7,"17":7,"18":7,"19":2,"20":5,"21":2,"22":3,"23":3,"24":1,"25":2,"26":2,"27":1,"28":1,"29":1,"30":1,"31":6,"32":6},"f":{"0":6,"1":7},"b":{"0":[2,4],"1":[2,2],"2":[1,1],"3":[2,5],"4":[2,3],"5":[1,2],"6":[1,1]},"_coverageSchema":"1a1c01bbd47fc00a2c39e90264f33305004495a9","hash":"205c0a48bfc4b2287329eb5e6a109f81c5b65910"}
,"D:\\me\\porto\\KONAWA WEB\\Konawa-Web\\server\\helpers\\helper.js": {"path":"D:\\me\\porto\\KONAWA WEB\\Konawa-Web\\server\\helpers\\helper.js","statementMap":{"0":{"start":{"line":1,"column":15},"end":{"line":1,"column":34}},"1":{"start":{"line":2,"column":12},"end":{"line":2,"column":35}},"2":{"start":{"line":4,"column":19},"end":{"line":4,"column":41}},"3":{"start":{"line":6,"column":21},"end":{"line":8,"column":1}},"4":{"start":{"line":7,"column":2},"end":{"line":7,"column":35}},"5":{"start":{"line":10,"column":24},"end":{"line":12,"column":1}},"6":{"start":{"line":11,"column":2},"end":{"line":11,"column":54}},"7":{"start":{"line":14,"column":18},"end":{"line":16,"column":1}},"8":{"start":{"line":15,"column":2},"end":{"line":15,"column":39}},"9":{"start":{"line":18,"column":20},"end":{"line":20,"column":1}},"10":{"start":{"line":19,"column":2},"end":{"line":19,"column":39}},"11":{"start":{"line":22,"column":0},"end":{"line":27,"column":2}}},"fnMap":{"0":{"name":"(anonymous_0)","decl":{"start":{"line":6,"column":21},"end":{"line":6,"column":22}},"loc":{"start":{"line":6,"column":35},"end":{"line":8,"column":1}},"line":6},"1":{"name":"(anonymous_1)","decl":{"start":{"line":10,"column":24},"end":{"line":10,"column":25}},"loc":{"start":{"line":10,"column":54},"end":{"line":12,"column":1}},"line":10},"2":{"name":"(anonymous_2)","decl":{"start":{"line":14,"column":18},"end":{"line":14,"column":19}},"loc":{"start":{"line":14,"column":31},"end":{"line":16,"column":1}},"line":14},"3":{"name":"(anonymous_3)","decl":{"start":{"line":18,"column":20},"end":{"line":18,"column":21}},"loc":{"start":{"line":18,"column":31},"end":{"line":20,"column":1}},"line":18}},"branchMap":{},"s":{"0":1,"1":1,"2":1,"3":1,"4":3,"5":1,"6":2,"7":1,"8":1,"9":1,"10":0,"11":1},"f":{"0":3,"1":2,"2":1,"3":0},"b":{},"_coverageSchema":"1a1c01bbd47fc00a2c39e90264f33305004495a9","hash":"4724b4020299c41e324da1560b4644ecb581706a"}
,"D:\\me\\porto\\KONAWA WEB\\Konawa-Web\\server\\middleware\\errorHandler.js": {"path":"D:\\me\\porto\\KONAWA WEB\\Konawa-Web\\server\\middleware\\errorHandler.js","statementMap":{"0":{"start":{"line":1,"column":0},"end":{"line":50,"column":2}},"1":{"start":{"line":2,"column":16},"end":{"line":2,"column":39}},"2":{"start":{"line":3,"column":15},"end":{"line":3,"column":18}},"3":{"start":{"line":5,"column":2},"end":{"line":48,"column":3}},"4":{"start":{"line":7,"column":6},"end":{"line":7,"column":19}},"5":{"start":{"line":8,"column":6},"end":{"line":8,"column":41}},"6":{"start":{"line":9,"column":6},"end":{"line":9,"column":12}},"7":{"start":{"line":12,"column":6},"end":{"line":12,"column":19}},"8":{"start":{"line":13,"column":6},"end":{"line":13,"column":44}},"9":{"start":{"line":14,"column":6},"end":{"line":14,"column":12}},"10":{"start":{"line":17,"column":6},"end":{"line":17,"column":19}},"11":{"start":{"line":18,"column":6},"end":{"line":18,"column":64}},"12":{"start":{"line":19,"column":6},"end":{"line":19,"column":12}},"13":{"start":{"line":22,"column":6},"end":{"line":22,"column":19}},"14":{"start":{"line":23,"column":6},"end":{"line":23,"column":61}},"15":{"start":{"line":24,"column":6},"end":{"line":24,"column":12}},"16":{"start":{"line":27,"column":6},"end":{"line":27,"column":19}},"17":{"start":{"line":28,"column":6},"end":{"line":28,"column":40}},"18":{"start":{"line":29,"column":6},"end":{"line":29,"column":12}},"19":{"start":{"line":32,"column":6},"end":{"line":32,"column":19}},"20":{"start":{"line":33,"column":6},"end":{"line":33,"column":44}},"21":{"start":{"line":34,"column":6},"end":{"line":34,"column":12}},"22":{"start":{"line":37,"column":6},"end":{"line":37,"column":19}},"23":{"start":{"line":38,"column":6},"end":{"line":38,"column":43}},"24":{"start":{"line":39,"column":6},"end":{"line":39,"column":12}},"25":{"start":{"line":42,"column":6},"end":{"line":42,"column":19}},"26":{"start":{"line":43,"column":6},"end":{"line":43,"column":34}},"27":{"start":{"line":44,"column":6},"end":{"line":44,"column":12}},"28":{"start":{"line":47,"column":6},"end":{"line":47,"column":12}},"29":{"start":{"line":49,"column":2},"end":{"line":49,"column":48}}},"fnMap":{"0":{"name":"(anonymous_0)","decl":{"start":{"line":1,"column":17},"end":{"line":1,"column":18}},"loc":{"start":{"line":1,"column":40},"end":{"line":50,"column":1}},"line":1}},"branchMap":{"0":{"loc":{"start":{"line":5,"column":2},"end":{"line":48,"column":3}},"type":"switch","locations":[{"start":{"line":6,"column":4},"end":{"line":9,"column":12}},{"start":{"line":11,"column":4},"end":{"line":14,"column":12}},{"start":{"line":16,"column":4},"end":{"line":19,"column":12}},{"start":{"line":21,"column":4},"end":{"line":24,"column":12}},{"start":{"line":26,"column":4},"end":{"line":29,"column":12}},{"start":{"line":31,"column":4},"end":{"line":34,"column":12}},{"start":{"line":36,"column":4},"end":{"line":39,"column":12}},{"start":{"line":41,"column":4},"end":{"line":44,"column":12}},{"start":{"line":46,"column":4},"end":{"line":47,"column":12}}],"line":5}},"s":{"0":1,"1":11,"2":11,"3":11,"4":4,"5":4,"6":4,"7":4,"8":4,"9":4,"10":1,"11":1,"12":1,"13":1,"14":1,"15":1,"16":1,"17":1,"18":1,"19":0,"20":0,"21":0,"22":0,"23":0,"24":0,"25":0,"26":0,"27":0,"28":0,"29":11},"f":{"0":11},"b":{"0":[4,4,1,1,1,0,0,0,0]},"_coverageSchema":"1a1c01bbd47fc00a2c39e90264f33305004495a9","hash":"39155c1907fd4269f9287e1969a17124fbd8a76d"}
,"D:\\me\\porto\\KONAWA WEB\\Konawa-Web\\server\\models\\admin.js": {"path":"D:\\me\\porto\\KONAWA WEB\\Konawa-Web\\server\\models\\admin.js","statementMap":{"0":{"start":{"line":2,"column":34},"end":{"line":2,"column":53}},"1":{"start":{"line":3,"column":18},"end":{"line":3,"column":38}},"2":{"start":{"line":4,"column":0},"end":{"line":60,"column":2}},"3":{"start":{"line":7,"column":6},"end":{"line":11,"column":9}},"4":{"start":{"line":14,"column":2},"end":{"line":58,"column":4}},"5":{"start":{"line":50,"column":23},"end":{"line":50,"column":37}},"6":{"start":{"line":51,"column":23},"end":{"line":51,"column":56}},"7":{"start":{"line":52,"column":10},"end":{"line":52,"column":35}},"8":{"start":{"line":59,"column":2},"end":{"line":59,"column":15}}},"fnMap":{"0":{"name":"(anonymous_0)","decl":{"start":{"line":4,"column":17},"end":{"line":4,"column":18}},"loc":{"start":{"line":4,"column":43},"end":{"line":60,"column":1}},"line":4},"1":{"name":"(anonymous_1)","decl":{"start":{"line":6,"column":4},"end":{"line":6,"column":5}},"loc":{"start":{"line":6,"column":29},"end":{"line":12,"column":5}},"line":6},"2":{"name":"(anonymous_2)","decl":{"start":{"line":49,"column":8},"end":{"line":49,"column":9}},"loc":{"start":{"line":49,"column":34},"end":{"line":53,"column":9}},"line":49}},"branchMap":{},"s":{"0":1,"1":1,"2":1,"3":1,"4":1,"5":1,"6":1,"7":1,"8":1},"f":{"0":1,"1":1,"2":1},"b":{},"_coverageSchema":"1a1c01bbd47fc00a2c39e90264f33305004495a9","hash":"a1fae21453bfb280e9edd0f72cd094363cc32beb"}
,"D:\\me\\porto\\KONAWA WEB\\Konawa-Web\\server\\models\\categoryevents.js": {"path":"D:\\me\\porto\\KONAWA WEB\\Konawa-Web\\server\\models\\categoryevents.js","statementMap":{"0":{"start":{"line":2,"column":18},"end":{"line":2,"column":38}},"1":{"start":{"line":3,"column":0},"end":{"line":30,"column":2}},"2":{"start":{"line":6,"column":6},"end":{"line":10,"column":9}},"3":{"start":{"line":13,"column":2},"end":{"line":28,"column":4}},"4":{"start":{"line":29,"column":2},"end":{"line":29,"column":24}}},"fnMap":{"0":{"name":"(anonymous_0)","decl":{"start":{"line":3,"column":17},"end":{"line":3,"column":18}},"loc":{"start":{"line":3,"column":43},"end":{"line":30,"column":1}},"line":3},"1":{"name":"(anonymous_1)","decl":{"start":{"line":5,"column":4},"end":{"line":5,"column":5}},"loc":{"start":{"line":5,"column":29},"end":{"line":11,"column":5}},"line":5}},"branchMap":{},"s":{"0":1,"1":1,"2":1,"3":1,"4":1},"f":{"0":1,"1":1},"b":{},"_coverageSchema":"1a1c01bbd47fc00a2c39e90264f33305004495a9","hash":"92e738445aa7a96b6ac8c5fa76766f769982049a"}
,"D:\\me\\porto\\KONAWA WEB\\Konawa-Web\\server\\models\\customer.js": {"path":"D:\\me\\porto\\KONAWA WEB\\Konawa-Web\\server\\models\\customer.js","statementMap":{"0":{"start":{"line":2,"column":18},"end":{"line":2,"column":38}},"1":{"start":{"line":3,"column":0},"end":{"line":55,"column":2}},"2":{"start":{"line":6,"column":6},"end":{"line":10,"column":9}},"3":{"start":{"line":13,"column":2},"end":{"line":53,"column":4}},"4":{"start":{"line":54,"column":2},"end":{"line":54,"column":18}}},"fnMap":{"0":{"name":"(anonymous_0)","decl":{"start":{"line":3,"column":17},"end":{"line":3,"column":18}},"loc":{"start":{"line":3,"column":43},"end":{"line":55,"column":1}},"line":3},"1":{"name":"(anonymous_1)","decl":{"start":{"line":5,"column":4},"end":{"line":5,"column":5}},"loc":{"start":{"line":5,"column":29},"end":{"line":11,"column":5}},"line":5}},"branchMap":{},"s":{"0":1,"1":1,"2":1,"3":1,"4":1},"f":{"0":1,"1":1},"b":{},"_coverageSchema":"1a1c01bbd47fc00a2c39e90264f33305004495a9","hash":"b5a163f1288bc2fe867117049c9ea995f0e28b84"}
,"D:\\me\\porto\\KONAWA WEB\\Konawa-Web\\server\\models\\customerevents.js": {"path":"D:\\me\\porto\\KONAWA WEB\\Konawa-Web\\server\\models\\customerevents.js","statementMap":{"0":{"start":{"line":2,"column":18},"end":{"line":2,"column":38}},"1":{"start":{"line":3,"column":0},"end":{"line":21,"column":2}},"2":{"start":{"line":6,"column":6},"end":{"line":6,"column":48}},"3":{"start":{"line":7,"column":6},"end":{"line":7,"column":46}},"4":{"start":{"line":10,"column":2},"end":{"line":19,"column":4}},"5":{"start":{"line":20,"column":2},"end":{"line":20,"column":24}}},"fnMap":{"0":{"name":"(anonymous_0)","decl":{"start":{"line":3,"column":17},"end":{"line":3,"column":18}},"loc":{"start":{"line":3,"column":43},"end":{"line":21,"column":1}},"line":3},"1":{"name":"(anonymous_1)","decl":{"start":{"line":5,"column":4},"end":{"line":5,"column":5}},"loc":{"start":{"line":5,"column":29},"end":{"line":8,"column":5}},"line":5}},"branchMap":{},"s":{"0":1,"1":1,"2":1,"3":1,"4":1,"5":1},"f":{"0":1,"1":1},"b":{},"_coverageSchema":"1a1c01bbd47fc00a2c39e90264f33305004495a9","hash":"9b5768cf003801ca2d14836acb4f59472cf7b5d6"}
,"D:\\me\\porto\\KONAWA WEB\\Konawa-Web\\server\\models\\customerhistory.js": {"path":"D:\\me\\porto\\KONAWA WEB\\Konawa-Web\\server\\models\\customerhistory.js","statementMap":{"0":{"start":{"line":2,"column":18},"end":{"line":2,"column":38}},"1":{"start":{"line":3,"column":0},"end":{"line":32,"column":2}},"2":{"start":{"line":7,"column":2},"end":{"line":30,"column":4}},"3":{"start":{"line":31,"column":2},"end":{"line":31,"column":25}}},"fnMap":{"0":{"name":"(anonymous_0)","decl":{"start":{"line":3,"column":17},"end":{"line":3,"column":18}},"loc":{"start":{"line":3,"column":43},"end":{"line":32,"column":1}},"line":3},"1":{"name":"(anonymous_1)","decl":{"start":{"line":5,"column":4},"end":{"line":5,"column":5}},"loc":{"start":{"line":5,"column":29},"end":{"line":5,"column":31}},"line":5}},"branchMap":{},"s":{"0":1,"1":1,"2":1,"3":1},"f":{"0":1,"1":1},"b":{},"_coverageSchema":"1a1c01bbd47fc00a2c39e90264f33305004495a9","hash":"e8d31f6a857d8257ae4ef2d580df5e4490e1e77d"}
,"D:\\me\\porto\\KONAWA WEB\\Konawa-Web\\server\\models\\events.js": {"path":"D:\\me\\porto\\KONAWA WEB\\Konawa-Web\\server\\models\\events.js","statementMap":{"0":{"start":{"line":2,"column":18},"end":{"line":2,"column":38}},"1":{"start":{"line":3,"column":0},"end":{"line":92,"column":2}},"2":{"start":{"line":6,"column":6},"end":{"line":10,"column":9}},"3":{"start":{"line":11,"column":6},"end":{"line":15,"column":9}},"4":{"start":{"line":18,"column":2},"end":{"line":90,"column":4}},"5":{"start":{"line":91,"column":2},"end":{"line":91,"column":16}}},"fnMap":{"0":{"name":"(anonymous_0)","decl":{"start":{"line":3,"column":17},"end":{"line":3,"column":18}},"loc":{"start":{"line":3,"column":43},"end":{"line":92,"column":1}},"line":3},"1":{"name":"(anonymous_1)","decl":{"start":{"line":5,"column":4},"end":{"line":5,"column":5}},"loc":{"start":{"line":5,"column":29},"end":{"line":16,"column":5}},"line":5}},"branchMap":{},"s":{"0":1,"1":1,"2":1,"3":1,"4":1,"5":1},"f":{"0":1,"1":1},"b":{},"_coverageSchema":"1a1c01bbd47fc00a2c39e90264f33305004495a9","hash":"cf538e32cc73fc398a8fb79ed7564074cfd101d0"}
,"D:\\me\\porto\\KONAWA WEB\\Konawa-Web\\server\\models\\index.js": {"path":"D:\\me\\porto\\KONAWA WEB\\Konawa-Web\\server\\models\\index.js","statementMap":{"0":{"start":{"line":3,"column":11},"end":{"line":3,"column":24}},"1":{"start":{"line":4,"column":13},"end":{"line":4,"column":28}},"2":{"start":{"line":5,"column":18},"end":{"line":5,"column":38}},"3":{"start":{"line":6,"column":16},"end":{"line":6,"column":34}},"4":{"start":{"line":7,"column":17},"end":{"line":7,"column":42}},"5":{"start":{"line":8,"column":12},"end":{"line":8,"column":49}},"6":{"start":{"line":9,"column":15},"end":{"line":9,"column":65}},"7":{"start":{"line":10,"column":11},"end":{"line":10,"column":13}},"8":{"start":{"line":13,"column":0},"end":{"line":17,"column":1}},"9":{"start":{"line":14,"column":2},"end":{"line":14,"column":74}},"10":{"start":{"line":16,"column":2},"end":{"line":16,"column":87}},"11":{"start":{"line":19,"column":0},"end":{"line":32,"column":5}},"12":{"start":{"line":22,"column":4},"end":{"line":27,"column":6}},"13":{"start":{"line":30,"column":18},"end":{"line":30,"column":85}},"14":{"start":{"line":31,"column":4},"end":{"line":31,"column":27}},"15":{"start":{"line":34,"column":0},"end":{"line":38,"column":3}},"16":{"start":{"line":35,"column":2},"end":{"line":37,"column":3}},"17":{"start":{"line":36,"column":4},"end":{"line":36,"column":32}},"18":{"start":{"line":40,"column":0},"end":{"line":40,"column":25}},"19":{"start":{"line":41,"column":0},"end":{"line":41,"column":25}},"20":{"start":{"line":43,"column":0},"end":{"line":43,"column":20}}},"fnMap":{"0":{"name":"(anonymous_0)","decl":{"start":{"line":21,"column":10},"end":{"line":21,"column":11}},"loc":{"start":{"line":21,"column":18},"end":{"line":28,"column":3}},"line":21},"1":{"name":"(anonymous_1)","decl":{"start":{"line":29,"column":11},"end":{"line":29,"column":12}},"loc":{"start":{"line":29,"column":19},"end":{"line":32,"column":3}},"line":29},"2":{"name":"(anonymous_2)","decl":{"start":{"line":34,"column":24},"end":{"line":34,"column":25}},"loc":{"start":{"line":34,"column":37},"end":{"line":38,"column":1}},"line":34}},"branchMap":{"0":{"loc":{"start":{"line":8,"column":12},"end":{"line":8,"column":49}},"type":"binary-expr","locations":[{"start":{"line":8,"column":12},"end":{"line":8,"column":32}},{"start":{"line":8,"column":36},"end":{"line":8,"column":49}}],"line":8},"1":{"loc":{"start":{"line":13,"column":0},"end":{"line":17,"column":1}},"type":"if","locations":[{"start":{"line":13,"column":0},"end":{"line":17,"column":1}},{"start":{"line":15,"column":7},"end":{"line":17,"column":1}}],"line":13},"2":{"loc":{"start":{"line":23,"column":6},"end":{"line":26,"column":37}},"type":"binary-expr","locations":[{"start":{"line":23,"column":6},"end":{"line":23,"column":29}},{"start":{"line":24,"column":6},"end":{"line":24,"column":23}},{"start":{"line":25,"column":6},"end":{"line":25,"column":30}},{"start":{"line":26,"column":6},"end":{"line":26,"column":37}}],"line":23},"3":{"loc":{"start":{"line":35,"column":2},"end":{"line":37,"column":3}},"type":"if","locations":[{"start":{"line":35,"column":2},"end":{"line":37,"column":3}},{"start":{},"end":{}}],"line":35}},"s":{"0":1,"1":1,"2":1,"3":1,"4":1,"5":1,"6":1,"7":1,"8":1,"9":0,"10":1,"11":1,"12":9,"13":8,"14":8,"15":1,"16":8,"17":8,"18":1,"19":1,"20":1},"f":{"0":9,"1":8,"2":8},"b":{"0":[1,0],"1":[0,1],"2":[9,9,8,8],"3":[8,0]},"_coverageSchema":"1a1c01bbd47fc00a2c39e90264f33305004495a9","hash":"12e8bfeac09443d88e6f56685128c681318bebbd"}
,"D:\\me\\porto\\KONAWA WEB\\Konawa-Web\\server\\models\\staff.js": {"path":"D:\\me\\porto\\KONAWA WEB\\Konawa-Web\\server\\models\\staff.js","statementMap":{"0":{"start":{"line":2,"column":34},"end":{"line":2,"column":53}},"1":{"start":{"line":3,"column":18},"end":{"line":3,"column":38}},"2":{"start":{"line":4,"column":0},"end":{"line":80,"column":2}},"3":{"start":{"line":7,"column":6},"end":{"line":11,"column":9}},"4":{"start":{"line":14,"column":2},"end":{"line":78,"column":4}},"5":{"start":{"line":70,"column":23},"end":{"line":70,"column":37}},"6":{"start":{"line":71,"column":23},"end":{"line":71,"column":56}},"7":{"start":{"line":72,"column":10},"end":{"line":72,"column":35}},"8":{"start":{"line":79,"column":2},"end":{"line":79,"column":15}}},"fnMap":{"0":{"name":"(anonymous_0)","decl":{"start":{"line":4,"column":17},"end":{"line":4,"column":18}},"loc":{"start":{"line":4,"column":43},"end":{"line":80,"column":1}},"line":4},"1":{"name":"(anonymous_1)","decl":{"start":{"line":6,"column":4},"end":{"line":6,"column":5}},"loc":{"start":{"line":6,"column":29},"end":{"line":12,"column":5}},"line":6},"2":{"name":"(anonymous_2)","decl":{"start":{"line":69,"column":8},"end":{"line":69,"column":9}},"loc":{"start":{"line":69,"column":34},"end":{"line":73,"column":9}},"line":69}},"branchMap":{},"s":{"0":1,"1":1,"2":1,"3":1,"4":1,"5":0,"6":0,"7":0,"8":1},"f":{"0":1,"1":1,"2":0},"b":{},"_coverageSchema":"1a1c01bbd47fc00a2c39e90264f33305004495a9","hash":"c7ddc4923d74a09ef3913e7a6b1e598a2229c87c"}
,"D:\\me\\porto\\KONAWA WEB\\Konawa-Web\\server\\models\\staffhistory.js": {"path":"D:\\me\\porto\\KONAWA WEB\\Konawa-Web\\server\\models\\staffhistory.js","statementMap":{"0":{"start":{"line":2,"column":18},"end":{"line":2,"column":38}},"1":{"start":{"line":3,"column":0},"end":{"line":52,"column":2}},"2":{"start":{"line":7,"column":2},"end":{"line":50,"column":4}},"3":{"start":{"line":51,"column":2},"end":{"line":51,"column":22}}},"fnMap":{"0":{"name":"(anonymous_0)","decl":{"start":{"line":3,"column":17},"end":{"line":3,"column":18}},"loc":{"start":{"line":3,"column":43},"end":{"line":52,"column":1}},"line":3},"1":{"name":"(anonymous_1)","decl":{"start":{"line":5,"column":4},"end":{"line":5,"column":5}},"loc":{"start":{"line":5,"column":29},"end":{"line":5,"column":31}},"line":5}},"branchMap":{},"s":{"0":1,"1":1,"2":1,"3":1},"f":{"0":1,"1":1},"b":{},"_coverageSchema":"1a1c01bbd47fc00a2c39e90264f33305004495a9","hash":"7ff65fa66ad61c6eacfc3496264236eaf2e0c326"}
,"D:\\me\\porto\\KONAWA WEB\\Konawa-Web\\server\\router\\eventRouter.js": {"path":"D:\\me\\porto\\KONAWA WEB\\Konawa-Web\\server\\router\\eventRouter.js","statementMap":{"0":{"start":{"line":1,"column":16},"end":{"line":1,"column":34}},"1":{"start":{"line":2,"column":15},"end":{"line":2,"column":31}},"2":{"start":{"line":4,"column":0},"end":{"line":4,"column":24}}},"fnMap":{},"branchMap":{},"s":{"0":1,"1":1,"2":1},"f":{},"b":{},"_coverageSchema":"1a1c01bbd47fc00a2c39e90264f33305004495a9","hash":"ad488522ada898f74937747767b8f14f5279cb06"}
,"D:\\me\\porto\\KONAWA WEB\\Konawa-Web\\server\\router\\userRouter.js": {"path":"D:\\me\\porto\\KONAWA WEB\\Konawa-Web\\server\\router\\userRouter.js","statementMap":{"0":{"start":{"line":1,"column":16},"end":{"line":1,"column":34}},"1":{"start":{"line":2,"column":15},"end":{"line":2,"column":31}},"2":{"start":{"line":3,"column":23},"end":{"line":3,"column":63}},"3":{"start":{"line":5,"column":0},"end":{"line":5,"column":60}},"4":{"start":{"line":6,"column":0},"end":{"line":6,"column":54}},"5":{"start":{"line":8,"column":0},"end":{"line":8,"column":24}}},"fnMap":{},"branchMap":{},"s":{"0":1,"1":1,"2":1,"3":1,"4":1,"5":1},"f":{},"b":{},"_coverageSchema":"1a1c01bbd47fc00a2c39e90264f33305004495a9","hash":"dc34297822b5104ece5a2423b73b9ecda486f822"}
}
