TN:
SF:app.js
FNF:0
FNH:0
DA:1,1
DA:2,1
DA:5,1
DA:6,1
DA:7,1
DA:8,1
DA:9,1
DA:10,1
DA:11,1
DA:13,1
DA:14,1
DA:15,1
DA:16,1
DA:17,1
DA:18,1
DA:20,1
DA:22,1
LF:17
LH:17
BRDA:1,0,0,1
BRDA:1,0,1,0
BRF:2
BRH:1
end_of_record
TN:
SF:controllers\userController.js
FN:5,(anonymous_0)
FN:21,(anonymous_1)
FNF:2
FNH:2
FNDA:6,(anonymous_0)
FNDA:7,(anonymous_1)
DA:1,1
DA:2,1
DA:4,1
DA:6,6
DA:7,6
DA:8,6
DA:9,4
DA:11,2
DA:12,2
DA:14,1
DA:15,1
DA:17,5
DA:18,5
DA:22,7
DA:23,7
DA:24,7
DA:25,5
DA:27,3
DA:28,3
DA:30,2
DA:31,2
DA:33,1
DA:38,1
DA:40,1
DA:42,6
DA:46,6
LF:26
LH:26
BRDA:8,0,0,2
BRDA:8,0,1,4
BRDA:9,1,0,2
BRDA:9,1,1,2
BRDA:12,2,0,1
BRDA:12,2,1,1
BRDA:24,3,0,2
BRDA:24,3,1,5
BRDA:25,4,0,2
BRDA:25,4,1,3
BRDA:28,5,0,1
BRDA:28,5,1,2
BRDA:31,6,0,1
BRDA:31,6,1,1
BRF:14
BRH:14
end_of_record
TN:
SF:helpers\helper.js
FN:6,(anonymous_0)
FN:10,(anonymous_1)
FN:14,(anonymous_2)
FN:18,(anonymous_3)
FNF:4
FNH:3
FNDA:3,(anonymous_0)
FNDA:2,(anonymous_1)
FNDA:1,(anonymous_2)
FNDA:0,(anonymous_3)
DA:1,1
DA:2,1
DA:4,1
DA:6,1
DA:7,3
DA:10,1
DA:11,2
DA:14,1
DA:15,1
DA:18,1
DA:19,0
DA:22,1
LF:12
LH:11
BRF:0
BRH:0
end_of_record
TN:
SF:middleware\errorHandler.js
FN:1,(anonymous_0)
FNF:1
FNH:1
FNDA:11,(anonymous_0)
DA:1,1
DA:2,11
DA:3,11
DA:5,11
DA:7,4
DA:8,4
DA:9,4
DA:12,4
DA:13,4
DA:14,4
DA:17,1
DA:18,1
DA:19,1
DA:22,1
DA:23,1
DA:24,1
DA:27,1
DA:28,1
DA:29,1
DA:32,0
DA:33,0
DA:34,0
DA:37,0
DA:38,0
DA:39,0
DA:42,0
DA:43,0
DA:44,0
DA:47,0
DA:49,11
LF:30
LH:20
BRDA:5,0,0,4
BRDA:5,0,1,4
BRDA:5,0,2,1
BRDA:5,0,3,1
BRDA:5,0,4,1
BRDA:5,0,5,0
BRDA:5,0,6,0
BRDA:5,0,7,0
BRDA:5,0,8,0
BRF:9
BRH:5
end_of_record
TN:
SF:models\admin.js
FN:4,(anonymous_0)
FN:6,(anonymous_1)
FN:49,(anonymous_2)
FNF:3
FNH:3
FNDA:1,(anonymous_0)
FNDA:1,(anonymous_1)
FNDA:1,(anonymous_2)
DA:2,1
DA:3,1
DA:4,1
DA:7,1
DA:14,1
DA:50,1
DA:51,1
DA:52,1
DA:59,1
LF:9
LH:9
BRF:0
BRH:0
end_of_record
TN:
SF:models\categoryevents.js
FN:3,(anonymous_0)
FN:5,(anonymous_1)
FNF:2
FNH:2
FNDA:1,(anonymous_0)
FNDA:1,(anonymous_1)
DA:2,1
DA:3,1
DA:6,1
DA:13,1
DA:29,1
LF:5
LH:5
BRF:0
BRH:0
end_of_record
TN:
SF:models\customer.js
FN:3,(anonymous_0)
FN:5,(anonymous_1)
FNF:2
FNH:2
FNDA:1,(anonymous_0)
FNDA:1,(anonymous_1)
DA:2,1
DA:3,1
DA:6,1
DA:13,1
DA:54,1
LF:5
LH:5
BRF:0
BRH:0
end_of_record
TN:
SF:models\customerevents.js
FN:3,(anonymous_0)
FN:5,(anonymous_1)
FNF:2
FNH:2
FNDA:1,(anonymous_0)
FNDA:1,(anonymous_1)
DA:2,1
DA:3,1
DA:6,1
DA:7,1
DA:10,1
DA:20,1
LF:6
LH:6
BRF:0
BRH:0
end_of_record
TN:
SF:models\customerhistory.js
FN:3,(anonymous_0)
FN:5,(anonymous_1)
FNF:2
FNH:2
FNDA:1,(anonymous_0)
FNDA:1,(anonymous_1)
DA:2,1
DA:3,1
DA:7,1
DA:31,1
LF:4
LH:4
BRF:0
BRH:0
end_of_record
TN:
SF:models\events.js
FN:3,(anonymous_0)
FN:5,(anonymous_1)
FNF:2
FNH:2
FNDA:1,(anonymous_0)
FNDA:1,(anonymous_1)
DA:2,1
DA:3,1
DA:6,1
DA:11,1
DA:18,1
DA:91,1
LF:6
LH:6
BRF:0
BRH:0
end_of_record
TN:
SF:models\index.js
FN:21,(anonymous_0)
FN:29,(anonymous_1)
FN:34,(anonymous_2)
FNF:3
FNH:3
FNDA:9,(anonymous_0)
FNDA:8,(anonymous_1)
FNDA:8,(anonymous_2)
DA:3,1
DA:4,1
DA:5,1
DA:6,1
DA:7,1
DA:8,1
DA:9,1
DA:10,1
DA:13,1
DA:14,0
DA:16,1
DA:19,1
DA:22,9
DA:30,8
DA:31,8
DA:34,1
DA:35,8
DA:36,8
DA:40,1
DA:41,1
DA:43,1
LF:21
LH:20
BRDA:8,0,0,1
BRDA:8,0,1,0
BRDA:13,1,0,0
BRDA:13,1,1,1
BRDA:23,2,0,9
BRDA:23,2,1,9
BRDA:23,2,2,8
BRDA:23,2,3,8
BRDA:35,3,0,8
BRDA:35,3,1,0
BRF:10
BRH:7
end_of_record
TN:
SF:models\staff.js
FN:4,(anonymous_0)
FN:6,(anonymous_1)
FN:69,(anonymous_2)
FNF:3
FNH:2
FNDA:1,(anonymous_0)
FNDA:1,(anonymous_1)
FNDA:0,(anonymous_2)
DA:2,1
DA:3,1
DA:4,1
DA:7,1
DA:14,1
DA:70,0
DA:71,0
DA:72,0
DA:79,1
LF:9
LH:6
BRF:0
BRH:0
end_of_record
TN:
SF:models\staffhistory.js
FN:3,(anonymous_0)
FN:5,(anonymous_1)
FNF:2
FNH:2
FNDA:1,(anonymous_0)
FNDA:1,(anonymous_1)
DA:2,1
DA:3,1
DA:7,1
DA:51,1
LF:4
LH:4
BRF:0
BRH:0
end_of_record
TN:
SF:router\eventRouter.js
FNF:0
FNH:0
DA:1,1
DA:2,1
DA:4,1
LF:3
LH:3
BRF:0
BRH:0
end_of_record
TN:
SF:router\userRouter.js
FNF:0
FNH:0
DA:1,1
DA:2,1
DA:3,1
DA:5,1
DA:6,1
DA:8,1
LF:6
LH:6
BRF:0
BRH:0
end_of_record
